<?xml version="1.0"?>
<booklist>
  <book author="Frank Herbert" title="Dune"/>
  <book author="Roberto Quaglia" title="Bread, Butter and Paradoxine"/>
  <book author="Kate Wilhelm" title="Where Late the Sweet Bird Sang"/>
  <book author="Anthony Burgess" title="A Clockwork Orange"/>
  <book author="Frank Herbert" title="Dragon in the Sea"/>
  <book author="Anthony Burgess" title="Earthly Powers"/>
  <book author="Isaak Asimov" title="The Foundation Trilogy"/>
  <book author="Frank Herbert" title="Children of Dune"/>
  <book author="Isaak Asimov" title="The Caves of Steel"/>
</booklist>
