<subfield xmlns="http://www.loc.gov/MARC21/slim" code="a">7</subfield>
<subfield xmlns="http://www.loc.gov/MARC21/slim" code="a">acquire</subfield>
<subfield xmlns="http://www.loc.gov/MARC21/slim" code="a">yh55 2002-01-25</subfield>
<subfield xmlns="http://www.loc.gov/MARC21/slim" code="a">aa19 2002-01-28</subfield>
<subfield xmlns="http://www.loc.gov/MARC21/slim" code="a">ps16 2002-05-10 bk rec'd, to CIP
ver.</subfield>
<subfield xmlns="http://www.loc.gov/MARC21/slim" code="a">  2002001234</subfield>
<subfield xmlns="http://www.loc.gov/MARC21/slim" code="a">0195145135</subfield>
<subfield xmlns="http://www.loc.gov/MARC21/slim" code="a">DLC</subfield>
<subfield xmlns="http://www.loc.gov/MARC21/slim" code="a">pcc</subfield>
<subfield xmlns="http://www.loc.gov/MARC21/slim" code="a">f-ae---</subfield>
<subfield xmlns="http://www.loc.gov/MARC21/slim" code="a">DT295</subfield>
<subfield xmlns="http://www.loc.gov/MARC21/slim" code="a">965/.0462</subfield>
<subfield xmlns="http://www.loc.gov/MARC21/slim" code="a">Connelly, Matthew James.</subfield>
<subfield xmlns="http://www.loc.gov/MARC21/slim" code="a">A diplomatic revolution :</subfield>
<subfield xmlns="http://www.loc.gov/MARC21/slim" code="a">Algeria's fight for independence and the
origins of the post-cold war era</subfield>
<subfield xmlns="http://www.loc.gov/MARC21/slim" code="a">Oxford ;</subfield>
<subfield xmlns="http://www.loc.gov/MARC21/slim" code="a">New York :</subfield>
<subfield xmlns="http://www.loc.gov/MARC21/slim" code="a">xviii, 400 p. :</subfield>
<subfield xmlns="http://www.loc.gov/MARC21/slim" code="a">Includes bibliographical references (p.
361-385) and index.</subfield>
<subfield xmlns="http://www.loc.gov/MARC21/slim" code="a">Algeria</subfield>
